{"name": "test_invalid_login_null_email", "status": "broken", "statusDetails": {"message": "selenium.common.exceptions.UnexpectedAlertPresentException: Alert Text: Check your password or email\nMessage: unexpected alert open: {Alert text : Check your password or email}\n  (Session info: chrome=101.0.4951.67)\nStacktrace:\nBacktrace:\n\tOrdinal0 [0x0063B8F3+2406643]\n\tOrdinal0 [0x005CAF31+1945393]\n\tOrdinal0 [0x004BC748+837448]\n\tOrdinal0 [0x0050AE37+1158711]\n\tOrdinal0 [0x00504243+1131075]\n\tOrdinal0 [0x004DE636+976438]\n\tOrdinal0 [0x004DF546+980294]\n\tGetHandleVerifier [0x008A9612+2498066]\n\tGetHandleVerifier [0x0089C920+2445600]\n\tGetHandleVerifier [0x006D4F2A+579370]\n\tGetHandleVerifier [0x006D3D36+574774]\n\tOrdinal0 [0x005D1C0B+1973259]\n\tOrdinal0 [0x005D6688+1992328]\n\tOrdinal0 [0x005D6775+1992565]\n\tOrdinal0 [0x005DF8D1+2029777]\n\tBaseThreadInitThunk [0x7612FA29+25]\n\tRtlGetAppContainerNamedObjectPath [0x77D47A7E+286]\n\tRtlGetAppContainerNamedObjectPath [0x77D47A4E+238]", "trace": "self = <allure_commons._allure.fixture object at 0x000001B8962E7490>, args = ()\nkwargs = {}\n\n    def __call__(self, *args, **kwargs):\n        self.parameters = func_parameters(self._fixture_function, *args, **kwargs)\n    \n        with self:\n>           return self._fixture_function(*args, **kwargs)\n\nvenv\\lib\\site-packages\\allure_commons\\_allure.py:200: \n_ _ _ _ _ _ _ _ _ _ _ _ _ _ _ _ _ _ _ _ _ _ _ _ _ _ _ _ _ _ _ _ _ _ _ _ _ _ _ _\nWeb\\Base\\base.py:20: in set_up\n    self.driver.close()\nvenv\\lib\\site-packages\\selenium\\webdriver\\remote\\webdriver.py:943: in close\n    self.execute(Command.CLOSE)\nvenv\\lib\\site-packages\\selenium\\webdriver\\remote\\webdriver.py:430: in execute\n    self.error_handler.check_response(response)\n_ _ _ _ _ _ _ _ _ _ _ _ _ _ _ _ _ _ _ _ _ _ _ _ _ _ _ _ _ _ _ _ _ _ _ _ _ _ _ _\n\nself = <selenium.webdriver.remote.errorhandler.ErrorHandler object at 0x000001B8962E76D0>\nresponse = {'status': 500, 'value': '{\"value\":{\"data\":{\"text\":\"Check your password or email\"},\"error\":\"unexpected alert open\",\"me...\\n\\\\tRtlGetAppContainerNamedObjectPath [0x77D47A7E+286]\\\\n\\\\tRtlGetAppContainerNamedObjectPath [0x77D47A4E+238]\\\\n\"}}'}\n\n    def check_response(self, response: Dict[str, Any]) -> None:\n        \"\"\"\n        Checks that a JSON response from the WebDriver does not have an error.\n    \n        :Args:\n         - response - The JSON response from the WebDriver server as a dictionary\n           object.\n    \n        :Raises: If the response contains an error message.\n        \"\"\"\n        status = response.get('status', None)\n        if not status or status == ErrorCode.SUCCESS:\n            return\n        value = None\n        message = response.get(\"message\", \"\")\n        screen: str = response.get(\"screen\", \"\")\n        stacktrace = None\n        if isinstance(status, int):\n            value_json = response.get('value', None)\n            if value_json and isinstance(value_json, str):\n                import json\n                try:\n                    value = json.loads(value_json)\n                    if len(value.keys()) == 1:\n                        value = value['value']\n                    status = value.get('error', None)\n                    if not status:\n                        status = value.get(\"status\", ErrorCode.UNKNOWN_ERROR)\n                        message = value.get(\"value\") or value.get(\"message\")\n                        if not isinstance(message, str):\n                            value = message\n                            message = message.get('message')\n                    else:\n                        message = value.get('message', None)\n                except ValueError:\n                    pass\n    \n        exception_class: Type[WebDriverException]\n        if status in ErrorCode.NO_SUCH_ELEMENT:\n            exception_class = NoSuchElementException\n        elif status in ErrorCode.NO_SUCH_FRAME:\n            exception_class = NoSuchFrameException\n        elif status in ErrorCode.NO_SUCH_SHADOW_ROOT:\n            exception_class = NoSuchShadowRootException\n        elif status in ErrorCode.NO_SUCH_WINDOW:\n            exception_class = NoSuchWindowException\n        elif status in ErrorCode.STALE_ELEMENT_REFERENCE:\n            exception_class = StaleElementReferenceException\n        elif status in ErrorCode.ELEMENT_NOT_VISIBLE:\n            exception_class = ElementNotVisibleException\n        elif status in ErrorCode.INVALID_ELEMENT_STATE:\n            exception_class = InvalidElementStateException\n        elif status in ErrorCode.INVALID_SELECTOR \\\n                or status in ErrorCode.INVALID_XPATH_SELECTOR \\\n                or status in ErrorCode.INVALID_XPATH_SELECTOR_RETURN_TYPER:\n            exception_class = InvalidSelectorException\n        elif status in ErrorCode.ELEMENT_IS_NOT_SELECTABLE:\n            exception_class = ElementNotSelectableException\n        elif status in ErrorCode.ELEMENT_NOT_INTERACTABLE:\n            exception_class = ElementNotInteractableException\n        elif status in ErrorCode.INVALID_COOKIE_DOMAIN:\n            exception_class = InvalidCookieDomainException\n        elif status in ErrorCode.UNABLE_TO_SET_COOKIE:\n            exception_class = UnableToSetCookieException\n        elif status in ErrorCode.TIMEOUT:\n            exception_class = TimeoutException\n        elif status in ErrorCode.SCRIPT_TIMEOUT:\n            exception_class = TimeoutException\n        elif status in ErrorCode.UNKNOWN_ERROR:\n            exception_class = WebDriverException\n        elif status in ErrorCode.UNEXPECTED_ALERT_OPEN:\n            exception_class = UnexpectedAlertPresentException\n        elif status in ErrorCode.NO_ALERT_OPEN:\n            exception_class = NoAlertPresentException\n        elif status in ErrorCode.IME_NOT_AVAILABLE:\n            exception_class = ImeNotAvailableException\n        elif status in ErrorCode.IME_ENGINE_ACTIVATION_FAILED:\n            exception_class = ImeActivationFailedException\n        elif status in ErrorCode.MOVE_TARGET_OUT_OF_BOUNDS:\n            exception_class = MoveTargetOutOfBoundsException\n        elif status in ErrorCode.JAVASCRIPT_ERROR:\n            exception_class = JavascriptException\n        elif status in ErrorCode.SESSION_NOT_CREATED:\n            exception_class = SessionNotCreatedException\n        elif status in ErrorCode.INVALID_ARGUMENT:\n            exception_class = InvalidArgumentException\n        elif status in ErrorCode.NO_SUCH_COOKIE:\n            exception_class = NoSuchCookieException\n        elif status in ErrorCode.UNABLE_TO_CAPTURE_SCREEN:\n            exception_class = ScreenshotException\n        elif status in ErrorCode.ELEMENT_CLICK_INTERCEPTED:\n            exception_class = ElementClickInterceptedException\n        elif status in ErrorCode.INSECURE_CERTIFICATE:\n            exception_class = InsecureCertificateException\n        elif status in ErrorCode.INVALID_COORDINATES:\n            exception_class = InvalidCoordinatesException\n        elif status in ErrorCode.INVALID_SESSION_ID:\n            exception_class = InvalidSessionIdException\n        elif status in ErrorCode.UNKNOWN_METHOD:\n            exception_class = UnknownMethodException\n        else:\n            exception_class = WebDriverException\n        if not value:\n            value = response['value']\n        if isinstance(value, str):\n            raise exception_class(value)\n        if message == \"\" and 'message' in value:\n            message = value['message']\n    \n        screen = None  # type: ignore[assignment]\n        if 'screen' in value:\n            screen = value['screen']\n    \n        stacktrace = None\n        st_value = value.get('stackTrace') or value.get('stacktrace')\n        if st_value:\n            if isinstance(st_value, str):\n                stacktrace = st_value.split('\\n')\n            else:\n                stacktrace = []\n                try:\n                    for frame in st_value:\n                        line = self._value_or_default(frame, 'lineNumber', '')\n                        file = self._value_or_default(frame, 'fileName', '<anonymous>')\n                        if line:\n                            file = \"%s:%s\" % (file, line)\n                        meth = self._value_or_default(frame, 'methodName', '<anonymous>')\n                        if 'className' in frame:\n                            meth = \"%s.%s\" % (frame['className'], meth)\n                        msg = \"    at %s (%s)\"\n                        msg = msg % (meth, file)\n                        stacktrace.append(msg)\n                except TypeError:\n                    pass\n        if exception_class == UnexpectedAlertPresentException:\n            alert_text = None\n            if 'data' in value:\n                alert_text = value['data'].get('text')\n            elif 'alert' in value:\n                alert_text = value['alert'].get('text')\n>           raise exception_class(message, screen, stacktrace, alert_text)  # type: ignore[call-arg]  # mypy is not smart enough here\nE           selenium.common.exceptions.UnexpectedAlertPresentException: Alert Text: Check your password or email\nE           Message: unexpected alert open: {Alert text : Check your password or email}\nE             (Session info: chrome=101.0.4951.67)\nE           Stacktrace:\nE           Backtrace:\nE           \tOrdinal0 [0x0063B8F3+2406643]\nE           \tOrdinal0 [0x005CAF31+1945393]\nE           \tOrdinal0 [0x004BC748+837448]\nE           \tOrdinal0 [0x0050AE37+1158711]\nE           \tOrdinal0 [0x00504243+1131075]\nE           \tOrdinal0 [0x004DE636+976438]\nE           \tOrdinal0 [0x004DF546+980294]\nE           \tGetHandleVerifier [0x008A9612+2498066]\nE           \tGetHandleVerifier [0x0089C920+2445600]\nE           \tGetHandleVerifier [0x006D4F2A+579370]\nE           \tGetHandleVerifier [0x006D3D36+574774]\nE           \tOrdinal0 [0x005D1C0B+1973259]\nE           \tOrdinal0 [0x005D6688+1992328]\nE           \tOrdinal0 [0x005D6775+1992565]\nE           \tOrdinal0 [0x005DF8D1+2029777]\nE           \tBaseThreadInitThunk [0x7612FA29+25]\nE           \tRtlGetAppContainerNamedObjectPath [0x77D47A7E+286]\nE           \tRtlGetAppContainerNamedObjectPath [0x77D47A4E+238]\n\nvenv\\lib\\site-packages\\selenium\\webdriver\\remote\\errorhandler.py:246: UnexpectedAlertPresentException"}, "attachments": [{"name": "log", "source": "0338beef-93ec-4e65-bfc0-c81b5b625030-attachment.txt", "type": "text/plain"}], "start": 1653509698089, "stop": 1653509703417, "uuid": "a7ea3641-3214-4d9f-b86c-905150b89bc4", "historyId": "15f536d5b8437c84e7e93896eecefbab", "testCaseId": "1f7664af3cc6f97c0d0262722e4c0f65", "fullName": "TestLogin.TestLogin#test_invalid_login_null_email", "labels": [{"name": "severity", "value": "critical"}, {"name": "tag", "value": "@pytest.mark.usefixtures('set_up')"}, {"name": "suite", "value": "TestLogin"}, {"name": "subSuite", "value": "TestLogin"}, {"name": "host", "value": "MOE-7844593984"}, {"name": "thread", "value": "11052-MainThread"}, {"name": "framework", "value": "pytest"}, {"name": "language", "value": "cpython3"}, {"name": "package", "value": "TestLogin"}]}